[debug] [2022-07-07T14:59:54.224Z] ----------------------------------------------------------------------
[debug] [2022-07-07T14:59:54.227Z] Command:       C:\Program Files\nodejs\node.exe C:\Program Files\nodejs\node_modules\firebase-tools\lib\bin\firebase.js init
[debug] [2022-07-07T14:59:54.228Z] CLI Version:   11.2.0
[debug] [2022-07-07T14:59:54.228Z] Platform:      win32
[debug] [2022-07-07T14:59:54.229Z] Node Version:  v16.15.0
[debug] [2022-07-07T14:59:54.240Z] Time:          Thu Jul 07 2022 09:59:54 GMT-0500 (Central Daylight Time)
[debug] [2022-07-07T14:59:54.241Z] ----------------------------------------------------------------------
[debug] 
[debug] [2022-07-07T14:59:54.274Z] > command requires scopes: ["email","openid","https://www.googleapis.com/auth/cloudplatformprojects.readonly","https://www.googleapis.com/auth/firebase","https://www.googleapis.com/auth/cloud-platform"]
[debug] [2022-07-07T14:59:54.275Z] > authorizing via signed-in user (rinnrinn292006@gmail.com)
[info] 
     ######## #### ########  ######## ########     ###     ######  ########
     ##        ##  ##     ## ##       ##     ##  ##   ##  ##       ##
     ######    ##  ########  ######   ########  #########  ######  ######
     ##        ##  ##    ##  ##       ##     ## ##     ##       ## ##
     ##       #### ##     ## ######## ########  ##     ##  ######  ########

You're about to initialize a Firebase project in this directory:

  C:\Users\rinnr\PersonalProjects\task-and-reward-app

[info] 
=== Project Setup
[info] 
[info] First, let's associate this project directory with a Firebase project.
[info] You can create multiple project aliases by running firebase use --add, 
[info] but for now we'll just set up a default project.
[info] 
[debug] [2022-07-07T15:01:01.445Z] > refreshing access token with scopes: []
[debug] [2022-07-07T15:01:01.449Z] >>> [apiv2][query] POST https://www.googleapis.com/oauth2/v3/token [none]
[debug] [2022-07-07T15:01:01.449Z] >>> [apiv2][body] POST https://www.googleapis.com/oauth2/v3/token [omitted]
[debug] [2022-07-07T15:01:01.592Z] <<< [apiv2][status] POST https://www.googleapis.com/oauth2/v3/token 200
[debug] [2022-07-07T15:01:01.592Z] <<< [apiv2][body] POST https://www.googleapis.com/oauth2/v3/token [omitted]
[debug] [2022-07-07T15:01:01.644Z] >>> [apiv2][query] GET https://firebase.googleapis.com/v1beta1/projects pageSize=100
[debug] [2022-07-07T15:01:02.011Z] <<< [apiv2][status] GET https://firebase.googleapis.com/v1beta1/projects 200
[debug] [2022-07-07T15:01:02.011Z] <<< [apiv2][body] GET https://firebase.googleapis.com/v1beta1/projects [omitted]
[info] i  Using project tasks-and-rewards (tasks-and-rewards) 
[info] 
=== Firestore Setup
[debug] [2022-07-07T15:01:05.368Z] >>> [apiv2][query] GET https://serviceusage.googleapis.com/v1/projects/tasks-and-rewards/services/firestore.googleapis.com [none]
[debug] [2022-07-07T15:01:05.693Z] <<< [apiv2][status] GET https://serviceusage.googleapis.com/v1/projects/tasks-and-rewards/services/firestore.googleapis.com 200
[debug] [2022-07-07T15:01:05.694Z] <<< [apiv2][body] GET https://serviceusage.googleapis.com/v1/projects/tasks-and-rewards/services/firestore.googleapis.com [omitted]
[debug] [2022-07-07T15:01:05.694Z] >>> [apiv2][query] GET https://appengine.googleapis.com/v1/apps/tasks-and-rewards [none]
[debug] [2022-07-07T15:01:05.997Z] <<< [apiv2][status] GET https://appengine.googleapis.com/v1/apps/tasks-and-rewards 200
[debug] [2022-07-07T15:01:05.998Z] <<< [apiv2][body] GET https://appengine.googleapis.com/v1/apps/tasks-and-rewards {"name":"apps/tasks-and-rewards","id":"tasks-and-rewards","authDomain":"gmail.com","locationId":"us-central","codeBucket":"staging.tasks-and-rewards.appspot.com","servingStatus":"SERVING","defaultHostname":"tasks-and-rewards.uc.r.appspot.com","defaultBucket":"tasks-and-rewards.appspot.com","serviceAccount":"tasks-and-rewards@appspot.gserviceaccount.com","gcrDomain":"us.gcr.io","databaseType":"CLOUD_FIRESTORE","featureSettings":{"splitHealthChecks":true,"useContainerOptimizedOs":true}}
[debug] [2022-07-07T15:01:05.998Z] database_type: CLOUD_FIRESTORE
[debug] [2022-07-07T15:01:05.999Z] > command requires scopes: ["email","openid","https://www.googleapis.com/auth/cloudplatformprojects.readonly","https://www.googleapis.com/auth/firebase","https://www.googleapis.com/auth/cloud-platform"]
[debug] [2022-07-07T15:01:06.000Z] > authorizing via signed-in user (rinnrinn292006@gmail.com)
[debug] [2022-07-07T15:01:06.000Z] [iam] checking project tasks-and-rewards for permissions ["firebase.projects.get"]
[debug] [2022-07-07T15:01:06.002Z] >>> [apiv2][query] POST https://cloudresourcemanager.googleapis.com/v1/projects/tasks-and-rewards:testIamPermissions [none]
[debug] [2022-07-07T15:01:06.002Z] >>> [apiv2][body] POST https://cloudresourcemanager.googleapis.com/v1/projects/tasks-and-rewards:testIamPermissions {"permissions":["firebase.projects.get"]}
[debug] [2022-07-07T15:01:06.138Z] <<< [apiv2][status] POST https://cloudresourcemanager.googleapis.com/v1/projects/tasks-and-rewards:testIamPermissions 200
[debug] [2022-07-07T15:01:06.138Z] <<< [apiv2][body] POST https://cloudresourcemanager.googleapis.com/v1/projects/tasks-and-rewards:testIamPermissions {"permissions":["firebase.projects.get"]}
[info] 
[info] Firestore Security Rules allow you to define how and when to allow
[info] requests. You can keep these rules in your project directory
[info] and publish them with firebase deploy.
[info] 
[debug] [2022-07-07T15:01:44.259Z] >>> [apiv2][query] GET https://firebaserules.googleapis.com/v1/projects/tasks-and-rewards/releases pageSize=10&pageToken=
[debug] [2022-07-07T15:01:44.479Z] <<< [apiv2][status] GET https://firebaserules.googleapis.com/v1/projects/tasks-and-rewards/releases 200
[debug] [2022-07-07T15:01:44.479Z] <<< [apiv2][body] GET https://firebaserules.googleapis.com/v1/projects/tasks-and-rewards/releases {"releases":[{"name":"projects/tasks-and-rewards/releases/cloud.firestore","rulesetName":"projects/tasks-and-rewards/rulesets/3f6b88a7-8417-43fe-811a-283c2fb42204","createTime":"2022-05-23T20:39:32.688647Z","updateTime":"2022-06-22T16:08:36.447801Z"}]}
[debug] [2022-07-07T15:01:44.480Z] Found ruleset: projects/tasks-and-rewards/rulesets/3f6b88a7-8417-43fe-811a-283c2fb42204
[debug] [2022-07-07T15:01:44.481Z] >>> [apiv2][query] GET https://firebaserules.googleapis.com/v1/projects/tasks-and-rewards/rulesets/3f6b88a7-8417-43fe-811a-283c2fb42204 [none]
[debug] [2022-07-07T15:01:44.618Z] <<< [apiv2][status] GET https://firebaserules.googleapis.com/v1/projects/tasks-and-rewards/rulesets/3f6b88a7-8417-43fe-811a-283c2fb42204 200
[debug] [2022-07-07T15:01:44.619Z] <<< [apiv2][body] GET https://firebaserules.googleapis.com/v1/projects/tasks-and-rewards/rulesets/3f6b88a7-8417-43fe-811a-283c2fb42204 [omitted]
[info] 
[info] Firestore indexes allow you to perform complex queries while
[info] maintaining performance that scales with the size of the result
[info] set. You can keep index definitions in your project directory
[info] and publish them with firebase deploy.
[info] 
[debug] [2022-07-07T15:01:51.157Z] >>> [apiv2][query] GET https://firestore.googleapis.com/v1/projects/tasks-and-rewards/databases/(default)/collectionGroups/-/indexes [none]
[debug] [2022-07-07T15:01:51.158Z] >>> [apiv2][query] GET https://firestore.googleapis.com/v1/projects/tasks-and-rewards/databases/(default)/collectionGroups/-/fields?filter=indexConfig.usesAncestorConfig=false [none]
[debug] [2022-07-07T15:01:51.382Z] <<< [apiv2][status] GET https://firestore.googleapis.com/v1/projects/tasks-and-rewards/databases/(default)/collectionGroups/-/fields?filter=indexConfig.usesAncestorConfig=false 200
[debug] [2022-07-07T15:01:51.382Z] <<< [apiv2][body] GET https://firestore.googleapis.com/v1/projects/tasks-and-rewards/databases/(default)/collectionGroups/-/fields?filter=indexConfig.usesAncestorConfig=false {"fields":[{"name":"projects/tasks-and-rewards/databases/(default)/collectionGroups/__default__/fields/*","indexConfig":{"indexes":[{"queryScope":"COLLECTION","fields":[{"fieldPath":"*","order":"ASCENDING"}],"state":"READY"},{"queryScope":"COLLECTION","fields":[{"fieldPath":"*","order":"DESCENDING"}],"state":"READY"},{"queryScope":"COLLECTION","fields":[{"fieldPath":"*","arrayConfig":"CONTAINS"}],"state":"READY"}]}}]}
[debug] [2022-07-07T15:01:51.389Z] <<< [apiv2][status] GET https://firestore.googleapis.com/v1/projects/tasks-and-rewards/databases/(default)/collectionGroups/-/indexes 200
[debug] [2022-07-07T15:01:51.390Z] <<< [apiv2][body] GET https://firestore.googleapis.com/v1/projects/tasks-and-rewards/databases/(default)/collectionGroups/-/indexes {}
[info] 
=== Hosting Setup
[info] 
[info] Your public directory is the folder (relative to your project directory) that
[info] will contain Hosting assets to be uploaded with firebase deploy. If you
[info] have a build process for your assets, use your build's output directory.
[info] 
